<?xml version="1.0" encoding="UTF-8"?>
<testsuite name="testExecuteProgram.TestExecuteProgram" tests="8" skipped="0" failures="0" errors="0" timestamp="2022-05-27T07:58:44" hostname="DESKTOP-J922GUG" time="0.107">
  <properties/>
  <testcase name="Successfully run the NOP program." classname="testExecuteProgram.TestExecuteProgram" time="0.021"/>
  <testcase name="Successfully run the ADD1 program." classname="testExecuteProgram.TestExecuteProgram" time="0.002"/>
  <testcase name="Successfully run the ADD2 program." classname="testExecuteProgram.TestExecuteProgram" time="0.002"/>
  <testcase name="Successfully run the ADD3(result grater than one byte) program." classname="testExecuteProgram.TestExecuteProgram" time="0.0"/>
  <testcase name="Successfully run the DIV(try dividing by zero) program." classname="testExecuteProgram.TestExecuteProgram" time="0.001"/>
  <testcase name="Try undoing the swap statement." classname="testExecuteProgram.TestExecuteProgram" time="0.001"/>
  <testcase name="Test the program with IFNZ where the condition is not met." classname="testExecuteProgram.TestExecuteProgram" time="0.003"/>
  <testcase name="Test the program with WHNZ where the condition is not met." classname="testExecuteProgram.TestExecuteProgram" time="0.003"/>
  <system-out><![CDATA[]]></system-out>
  <system-err><![CDATA[]]></system-err>
</testsuite>
